{"/home/vaxeng/Documents/Web_LTT_API/Processes.js": {"path":"/home/vaxeng/Documents/Web_LTT_API/Processes.js","statementMap":{"0":{"start":{"line":2,"column":19},"end":{"line":2,"column":51}},"1":{"start":{"line":3,"column":15},"end":{"line":3,"column":44}},"2":{"start":{"line":6,"column":13},"end":{"line":31,"column":1}},"3":{"start":{"line":8,"column":4},"end":{"line":8,"column":24}},"4":{"start":{"line":9,"column":4},"end":{"line":9,"column":20}},"5":{"start":{"line":11,"column":4},"end":{"line":29,"column":6}},"6":{"start":{"line":12,"column":8},"end":{"line":28,"column":9}},"7":{"start":{"line":13,"column":12},"end":{"line":23,"column":15}},"8":{"start":{"line":15,"column":16},"end":{"line":22,"column":17}},"9":{"start":{"line":16,"column":20},"end":{"line":16,"column":38}},"10":{"start":{"line":17,"column":20},"end":{"line":17,"column":61}},"11":{"start":{"line":20,"column":20},"end":{"line":20,"column":40}},"12":{"start":{"line":21,"column":20},"end":{"line":21,"column":71}},"13":{"start":{"line":24,"column":12},"end":{"line":24,"column":19}},"14":{"start":{"line":27,"column":12},"end":{"line":27,"column":68}},"15":{"start":{"line":34,"column":14},"end":{"line":67,"column":1}},"16":{"start":{"line":35,"column":4},"end":{"line":35,"column":24}},"17":{"start":{"line":36,"column":4},"end":{"line":36,"column":20}},"18":{"start":{"line":38,"column":4},"end":{"line":65,"column":6}},"19":{"start":{"line":39,"column":8},"end":{"line":63,"column":9}},"20":{"start":{"line":40,"column":12},"end":{"line":58,"column":15}},"21":{"start":{"line":41,"column":16},"end":{"line":57,"column":17}},"22":{"start":{"line":42,"column":20},"end":{"line":42,"column":38}},"23":{"start":{"line":43,"column":20},"end":{"line":43,"column":61}},"24":{"start":{"line":47,"column":20},"end":{"line":56,"column":23}},"25":{"start":{"line":49,"column":24},"end":{"line":55,"column":25}},"26":{"start":{"line":50,"column":28},"end":{"line":50,"column":45}},"27":{"start":{"line":51,"column":28},"end":{"line":51,"column":68}},"28":{"start":{"line":54,"column":28},"end":{"line":54,"column":79}},"29":{"start":{"line":59,"column":12},"end":{"line":59,"column":19}},"30":{"start":{"line":62,"column":12},"end":{"line":62,"column":68}},"31":{"start":{"line":70,"column":10},"end":{"line":95,"column":1}},"32":{"start":{"line":72,"column":4},"end":{"line":72,"column":24}},"33":{"start":{"line":73,"column":4},"end":{"line":73,"column":20}},"34":{"start":{"line":75,"column":4},"end":{"line":94,"column":6}},"35":{"start":{"line":76,"column":8},"end":{"line":93,"column":9}},"36":{"start":{"line":77,"column":12},"end":{"line":89,"column":15}},"37":{"start":{"line":78,"column":16},"end":{"line":81,"column":17}},"38":{"start":{"line":79,"column":20},"end":{"line":79,"column":38}},"39":{"start":{"line":80,"column":20},"end":{"line":80,"column":61}},"40":{"start":{"line":82,"column":16},"end":{"line":88,"column":17}},"41":{"start":{"line":83,"column":20},"end":{"line":83,"column":104}},"42":{"start":{"line":86,"column":20},"end":{"line":86,"column":40}},"43":{"start":{"line":87,"column":20},"end":{"line":87,"column":61}},"44":{"start":{"line":90,"column":12},"end":{"line":90,"column":19}},"45":{"start":{"line":92,"column":12},"end":{"line":92,"column":68}},"46":{"start":{"line":97,"column":10},"end":{"line":124,"column":1}},"47":{"start":{"line":99,"column":4},"end":{"line":99,"column":25}},"48":{"start":{"line":100,"column":4},"end":{"line":100,"column":20}},"49":{"start":{"line":102,"column":4},"end":{"line":122,"column":6}},"50":{"start":{"line":103,"column":8},"end":{"line":121,"column":9}},"51":{"start":{"line":104,"column":12},"end":{"line":116,"column":15}},"52":{"start":{"line":105,"column":16},"end":{"line":108,"column":17}},"53":{"start":{"line":106,"column":20},"end":{"line":106,"column":38}},"54":{"start":{"line":107,"column":20},"end":{"line":107,"column":61}},"55":{"start":{"line":109,"column":16},"end":{"line":115,"column":17}},"56":{"start":{"line":110,"column":20},"end":{"line":110,"column":89}},"57":{"start":{"line":113,"column":20},"end":{"line":113,"column":40}},"58":{"start":{"line":114,"column":20},"end":{"line":114,"column":71}},"59":{"start":{"line":117,"column":12},"end":{"line":117,"column":19}},"60":{"start":{"line":120,"column":12},"end":{"line":120,"column":68}},"61":{"start":{"line":125,"column":11},"end":{"line":164,"column":1}},"62":{"start":{"line":127,"column":4},"end":{"line":127,"column":25}},"63":{"start":{"line":128,"column":4},"end":{"line":128,"column":20}},"64":{"start":{"line":130,"column":4},"end":{"line":162,"column":6}},"65":{"start":{"line":131,"column":8},"end":{"line":160,"column":9}},"66":{"start":{"line":133,"column":12},"end":{"line":155,"column":15}},"67":{"start":{"line":134,"column":16},"end":{"line":137,"column":17}},"68":{"start":{"line":135,"column":20},"end":{"line":135,"column":38}},"69":{"start":{"line":136,"column":20},"end":{"line":136,"column":61}},"70":{"start":{"line":138,"column":16},"end":{"line":154,"column":17}},"71":{"start":{"line":139,"column":20},"end":{"line":139,"column":89}},"72":{"start":{"line":142,"column":20},"end":{"line":153,"column":23}},"73":{"start":{"line":143,"column":24},"end":{"line":146,"column":25}},"74":{"start":{"line":144,"column":28},"end":{"line":144,"column":48}},"75":{"start":{"line":145,"column":28},"end":{"line":145,"column":71}},"76":{"start":{"line":147,"column":24},"end":{"line":152,"column":25}},"77":{"start":{"line":148,"column":28},"end":{"line":148,"column":97}},"78":{"start":{"line":151,"column":28},"end":{"line":151,"column":79}},"79":{"start":{"line":156,"column":12},"end":{"line":156,"column":19}},"80":{"start":{"line":159,"column":12},"end":{"line":159,"column":68}},"81":{"start":{"line":167,"column":13},"end":{"line":194,"column":1}},"82":{"start":{"line":169,"column":4},"end":{"line":169,"column":25}},"83":{"start":{"line":170,"column":4},"end":{"line":170,"column":20}},"84":{"start":{"line":172,"column":4},"end":{"line":193,"column":6}},"85":{"start":{"line":173,"column":8},"end":{"line":192,"column":9}},"86":{"start":{"line":174,"column":12},"end":{"line":186,"column":15}},"87":{"start":{"line":175,"column":16},"end":{"line":178,"column":17}},"88":{"start":{"line":176,"column":20},"end":{"line":176,"column":38}},"89":{"start":{"line":177,"column":20},"end":{"line":177,"column":61}},"90":{"start":{"line":179,"column":16},"end":{"line":185,"column":17}},"91":{"start":{"line":180,"column":20},"end":{"line":180,"column":82}},"92":{"start":{"line":183,"column":20},"end":{"line":183,"column":40}},"93":{"start":{"line":184,"column":20},"end":{"line":184,"column":71}},"94":{"start":{"line":187,"column":12},"end":{"line":187,"column":19}},"95":{"start":{"line":191,"column":12},"end":{"line":191,"column":68}},"96":{"start":{"line":196,"column":0},"end":{"line":196,"column":56}}},"fnMap":{"0":{"name":"(anonymous_0)","decl":{"start":{"line":6,"column":13},"end":{"line":6,"column":14}},"loc":{"start":{"line":6,"column":65},"end":{"line":31,"column":1}},"line":6},"1":{"name":"(anonymous_1)","decl":{"start":{"line":11,"column":29},"end":{"line":11,"column":30}},"loc":{"start":{"line":11,"column":52},"end":{"line":29,"column":5}},"line":11},"2":{"name":"(anonymous_2)","decl":{"start":{"line":13,"column":42},"end":{"line":13,"column":43}},"loc":{"start":{"line":13,"column":60},"end":{"line":23,"column":13}},"line":13},"3":{"name":"(anonymous_3)","decl":{"start":{"line":34,"column":14},"end":{"line":34,"column":15}},"loc":{"start":{"line":34,"column":86},"end":{"line":67,"column":1}},"line":34},"4":{"name":"(anonymous_4)","decl":{"start":{"line":38,"column":29},"end":{"line":38,"column":30}},"loc":{"start":{"line":38,"column":52},"end":{"line":65,"column":5}},"line":38},"5":{"name":"(anonymous_5)","decl":{"start":{"line":40,"column":42},"end":{"line":40,"column":43}},"loc":{"start":{"line":40,"column":51},"end":{"line":58,"column":13}},"line":40},"6":{"name":"(anonymous_6)","decl":{"start":{"line":47,"column":52},"end":{"line":47,"column":53}},"loc":{"start":{"line":47,"column":60},"end":{"line":56,"column":21}},"line":47},"7":{"name":"(anonymous_7)","decl":{"start":{"line":70,"column":10},"end":{"line":70,"column":11}},"loc":{"start":{"line":70,"column":62},"end":{"line":95,"column":1}},"line":70},"8":{"name":"(anonymous_8)","decl":{"start":{"line":75,"column":29},"end":{"line":75,"column":30}},"loc":{"start":{"line":75,"column":52},"end":{"line":94,"column":5}},"line":75},"9":{"name":"(anonymous_9)","decl":{"start":{"line":77,"column":42},"end":{"line":77,"column":43}},"loc":{"start":{"line":77,"column":60},"end":{"line":89,"column":13}},"line":77},"10":{"name":"(anonymous_10)","decl":{"start":{"line":97,"column":10},"end":{"line":97,"column":11}},"loc":{"start":{"line":97,"column":62},"end":{"line":124,"column":1}},"line":97},"11":{"name":"(anonymous_11)","decl":{"start":{"line":102,"column":29},"end":{"line":102,"column":30}},"loc":{"start":{"line":102,"column":52},"end":{"line":122,"column":5}},"line":102},"12":{"name":"(anonymous_12)","decl":{"start":{"line":104,"column":42},"end":{"line":104,"column":43}},"loc":{"start":{"line":104,"column":60},"end":{"line":116,"column":13}},"line":104},"13":{"name":"(anonymous_13)","decl":{"start":{"line":125,"column":11},"end":{"line":125,"column":12}},"loc":{"start":{"line":125,"column":82},"end":{"line":164,"column":1}},"line":125},"14":{"name":"(anonymous_14)","decl":{"start":{"line":130,"column":29},"end":{"line":130,"column":30}},"loc":{"start":{"line":130,"column":52},"end":{"line":162,"column":5}},"line":130},"15":{"name":"(anonymous_15)","decl":{"start":{"line":133,"column":42},"end":{"line":133,"column":43}},"loc":{"start":{"line":133,"column":60},"end":{"line":155,"column":13}},"line":133},"16":{"name":"(anonymous_16)","decl":{"start":{"line":142,"column":52},"end":{"line":142,"column":53}},"loc":{"start":{"line":142,"column":63},"end":{"line":153,"column":21}},"line":142},"17":{"name":"(anonymous_17)","decl":{"start":{"line":167,"column":13},"end":{"line":167,"column":14}},"loc":{"start":{"line":167,"column":65},"end":{"line":194,"column":1}},"line":167},"18":{"name":"(anonymous_18)","decl":{"start":{"line":172,"column":29},"end":{"line":172,"column":30}},"loc":{"start":{"line":172,"column":52},"end":{"line":193,"column":5}},"line":172},"19":{"name":"(anonymous_19)","decl":{"start":{"line":174,"column":42},"end":{"line":174,"column":43}},"loc":{"start":{"line":174,"column":60},"end":{"line":186,"column":13}},"line":174}},"branchMap":{"0":{"loc":{"start":{"line":12,"column":8},"end":{"line":28,"column":9}},"type":"if","locations":[{"start":{"line":12,"column":8},"end":{"line":28,"column":9}},{"start":{"line":26,"column":13},"end":{"line":28,"column":9}}],"line":12},"1":{"loc":{"start":{"line":15,"column":16},"end":{"line":22,"column":17}},"type":"if","locations":[{"start":{"line":15,"column":16},"end":{"line":22,"column":17}},{"start":{"line":19,"column":21},"end":{"line":22,"column":17}}],"line":15},"2":{"loc":{"start":{"line":39,"column":8},"end":{"line":63,"column":9}},"type":"if","locations":[{"start":{"line":39,"column":8},"end":{"line":63,"column":9}},{"start":{"line":61,"column":13},"end":{"line":63,"column":9}}],"line":39},"3":{"loc":{"start":{"line":41,"column":16},"end":{"line":57,"column":17}},"type":"if","locations":[{"start":{"line":41,"column":16},"end":{"line":57,"column":17}},{"start":{"line":46,"column":21},"end":{"line":57,"column":17}}],"line":41},"4":{"loc":{"start":{"line":49,"column":24},"end":{"line":55,"column":25}},"type":"if","locations":[{"start":{"line":49,"column":24},"end":{"line":55,"column":25}},{"start":{"line":53,"column":29},"end":{"line":55,"column":25}}],"line":49},"5":{"loc":{"start":{"line":76,"column":8},"end":{"line":93,"column":9}},"type":"if","locations":[{"start":{"line":76,"column":8},"end":{"line":93,"column":9}},{"start":{"line":91,"column":15},"end":{"line":93,"column":9}}],"line":76},"6":{"loc":{"start":{"line":78,"column":16},"end":{"line":81,"column":17}},"type":"if","locations":[{"start":{"line":78,"column":16},"end":{"line":81,"column":17}},{"start":{},"end":{}}],"line":78},"7":{"loc":{"start":{"line":82,"column":16},"end":{"line":88,"column":17}},"type":"if","locations":[{"start":{"line":82,"column":16},"end":{"line":88,"column":17}},{"start":{"line":85,"column":21},"end":{"line":88,"column":17}}],"line":82},"8":{"loc":{"start":{"line":103,"column":8},"end":{"line":121,"column":9}},"type":"if","locations":[{"start":{"line":103,"column":8},"end":{"line":121,"column":9}},{"start":{"line":119,"column":13},"end":{"line":121,"column":9}}],"line":103},"9":{"loc":{"start":{"line":105,"column":16},"end":{"line":108,"column":17}},"type":"if","locations":[{"start":{"line":105,"column":16},"end":{"line":108,"column":17}},{"start":{},"end":{}}],"line":105},"10":{"loc":{"start":{"line":109,"column":16},"end":{"line":115,"column":17}},"type":"if","locations":[{"start":{"line":109,"column":16},"end":{"line":115,"column":17}},{"start":{"line":112,"column":21},"end":{"line":115,"column":17}}],"line":109},"11":{"loc":{"start":{"line":131,"column":8},"end":{"line":160,"column":9}},"type":"if","locations":[{"start":{"line":131,"column":8},"end":{"line":160,"column":9}},{"start":{"line":158,"column":13},"end":{"line":160,"column":9}}],"line":131},"12":{"loc":{"start":{"line":134,"column":16},"end":{"line":137,"column":17}},"type":"if","locations":[{"start":{"line":134,"column":16},"end":{"line":137,"column":17}},{"start":{},"end":{}}],"line":134},"13":{"loc":{"start":{"line":138,"column":16},"end":{"line":154,"column":17}},"type":"if","locations":[{"start":{"line":138,"column":16},"end":{"line":154,"column":17}},{"start":{"line":141,"column":21},"end":{"line":154,"column":17}}],"line":138},"14":{"loc":{"start":{"line":143,"column":24},"end":{"line":146,"column":25}},"type":"if","locations":[{"start":{"line":143,"column":24},"end":{"line":146,"column":25}},{"start":{},"end":{}}],"line":143},"15":{"loc":{"start":{"line":147,"column":24},"end":{"line":152,"column":25}},"type":"if","locations":[{"start":{"line":147,"column":24},"end":{"line":152,"column":25}},{"start":{"line":150,"column":29},"end":{"line":152,"column":25}}],"line":147},"16":{"loc":{"start":{"line":173,"column":8},"end":{"line":192,"column":9}},"type":"if","locations":[{"start":{"line":173,"column":8},"end":{"line":192,"column":9}},{"start":{"line":189,"column":13},"end":{"line":192,"column":9}}],"line":173},"17":{"loc":{"start":{"line":175,"column":16},"end":{"line":178,"column":17}},"type":"if","locations":[{"start":{"line":175,"column":16},"end":{"line":178,"column":17}},{"start":{},"end":{}}],"line":175},"18":{"loc":{"start":{"line":179,"column":16},"end":{"line":185,"column":17}},"type":"if","locations":[{"start":{"line":179,"column":16},"end":{"line":185,"column":17}},{"start":{"line":182,"column":21},"end":{"line":185,"column":17}}],"line":179}},"s":{"0":5,"1":5,"2":5,"3":0,"4":0,"5":0,"6":0,"7":0,"8":0,"9":0,"10":0,"11":0,"12":0,"13":0,"14":0,"15":5,"16":2,"17":2,"18":2,"19":2,"20":2,"21":2,"22":2,"23":2,"24":0,"25":0,"26":0,"27":0,"28":0,"29":2,"30":0,"31":5,"32":6,"33":6,"34":6,"35":6,"36":6,"37":6,"38":0,"39":0,"40":6,"41":3,"42":3,"43":3,"44":6,"45":0,"46":5,"47":3,"48":3,"49":3,"50":3,"51":3,"52":3,"53":0,"54":0,"55":3,"56":2,"57":1,"58":1,"59":3,"60":0,"61":5,"62":6,"63":6,"64":6,"65":6,"66":6,"67":6,"68":0,"69":0,"70":6,"71":4,"72":2,"73":2,"74":0,"75":0,"76":2,"77":0,"78":2,"79":6,"80":0,"81":5,"82":5,"83":5,"84":5,"85":5,"86":5,"87":5,"88":0,"89":0,"90":5,"91":3,"92":2,"93":2,"94":5,"95":0,"96":5},"f":{"0":0,"1":0,"2":0,"3":2,"4":2,"5":2,"6":0,"7":6,"8":6,"9":6,"10":3,"11":3,"12":3,"13":6,"14":6,"15":6,"16":2,"17":5,"18":5,"19":5},"b":{"0":[0,0],"1":[0,0],"2":[2,0],"3":[2,0],"4":[0,0],"5":[6,0],"6":[0,6],"7":[3,3],"8":[3,0],"9":[0,3],"10":[2,1],"11":[6,0],"12":[0,6],"13":[4,2],"14":[0,2],"15":[0,2],"16":[5,0],"17":[0,5],"18":[3,2]},"_coverageSchema":"1a1c01bbd47fc00a2c39e90264f33305004495a9","hash":"d626f08f7e4cbb465b535370e17110b56b3efd8d"}
,"/home/vaxeng/Documents/Web_LTT_API/server.js": {"path":"/home/vaxeng/Documents/Web_LTT_API/server.js","statementMap":{"0":{"start":{"line":3,"column":16},"end":{"line":3,"column":34}},"1":{"start":{"line":4,"column":12},"end":{"line":4,"column":21}},"2":{"start":{"line":5,"column":13},"end":{"line":5,"column":28}},"3":{"start":{"line":6,"column":20},"end":{"line":6,"column":42}},"4":{"start":{"line":7,"column":21},"end":{"line":7,"column":45}},"5":{"start":{"line":8,"column":18},"end":{"line":8,"column":47}},"6":{"start":{"line":11,"column":0},"end":{"line":11,"column":48}},"7":{"start":{"line":12,"column":0},"end":{"line":12,"column":24}},"8":{"start":{"line":13,"column":0},"end":{"line":13,"column":15}},"9":{"start":{"line":14,"column":0},"end":{"line":14,"column":27}},"10":{"start":{"line":15,"column":0},"end":{"line":15,"column":51}},"11":{"start":{"line":18,"column":15},"end":{"line":18,"column":47}},"12":{"start":{"line":19,"column":14},"end":{"line":19,"column":45}},"13":{"start":{"line":20,"column":13},"end":{"line":20,"column":43}},"14":{"start":{"line":21,"column":20},"end":{"line":21,"column":51}},"15":{"start":{"line":22,"column":14},"end":{"line":22,"column":45}},"16":{"start":{"line":25,"column":0},"end":{"line":25,"column":24}},"17":{"start":{"line":26,"column":0},"end":{"line":26,"column":23}},"18":{"start":{"line":27,"column":0},"end":{"line":27,"column":22}},"19":{"start":{"line":28,"column":0},"end":{"line":28,"column":29}},"20":{"start":{"line":29,"column":0},"end":{"line":29,"column":23}},"21":{"start":{"line":33,"column":13},"end":{"line":33,"column":37}},"22":{"start":{"line":34,"column":15},"end":{"line":67,"column":1}},"23":{"start":{"line":70,"column":20},"end":{"line":70,"column":40}},"24":{"start":{"line":71,"column":0},"end":{"line":71,"column":67}},"25":{"start":{"line":73,"column":0},"end":{"line":73,"column":26}},"26":{"start":{"line":76,"column":0},"end":{"line":76,"column":63}},"27":{"start":{"line":77,"column":0},"end":{"line":77,"column":21}}},"fnMap":{},"branchMap":{"0":{"loc":{"start":{"line":33,"column":13},"end":{"line":33,"column":37}},"type":"binary-expr","locations":[{"start":{"line":33,"column":13},"end":{"line":33,"column":29}},{"start":{"line":33,"column":33},"end":{"line":33,"column":37}}],"line":33}},"s":{"0":5,"1":5,"2":5,"3":5,"4":5,"5":5,"6":5,"7":5,"8":5,"9":5,"10":5,"11":5,"12":5,"13":5,"14":5,"15":5,"16":5,"17":5,"18":5,"19":5,"20":5,"21":5,"22":5,"23":5,"24":5,"25":5,"26":5,"27":5},"f":{},"b":{"0":[5,5]},"_coverageSchema":"1a1c01bbd47fc00a2c39e90264f33305004495a9","hash":"dd0a8e006a470279b8851bc5fffe1251497c31ae"}
,"/home/vaxeng/Documents/Web_LTT_API/DBConfig/connection.js": {"path":"/home/vaxeng/Documents/Web_LTT_API/DBConfig/connection.js","statementMap":{"0":{"start":{"line":3,"column":17},"end":{"line":3,"column":35}},"1":{"start":{"line":5,"column":23},"end":{"line":22,"column":6}},"2":{"start":{"line":25,"column":4},"end":{"line":25,"column":31}}},"fnMap":{},"branchMap":{},"s":{"0":5,"1":5,"2":5},"f":{},"b":{},"_coverageSchema":"1a1c01bbd47fc00a2c39e90264f33305004495a9","hash":"4da3a99f2f2f1cd84e8a8d7a4af1e95b32e97ab3"}
,"/home/vaxeng/Documents/Web_LTT_API/LogConfig/logger.js": {"path":"/home/vaxeng/Documents/Web_LTT_API/LogConfig/logger.js","statementMap":{"0":{"start":{"line":2,"column":16},"end":{"line":2,"column":34}},"1":{"start":{"line":3,"column":15},"end":{"line":19,"column":4}},"2":{"start":{"line":20,"column":2},"end":{"line":20,"column":26}}},"fnMap":{},"branchMap":{},"s":{"0":5,"1":5,"2":5},"f":{},"b":{},"_coverageSchema":"1a1c01bbd47fc00a2c39e90264f33305004495a9","hash":"f5f71e4b6187f65d65890bea9f44831f01f6957b"}
,"/home/vaxeng/Documents/Web_LTT_API/controllers/branch.controller.js": {"path":"/home/vaxeng/Documents/Web_LTT_API/controllers/branch.controller.js","statementMap":{"0":{"start":{"line":2,"column":19},"end":{"line":2,"column":52}},"1":{"start":{"line":3,"column":15},"end":{"line":3,"column":45}},"2":{"start":{"line":4,"column":13},"end":{"line":4,"column":46}},"3":{"start":{"line":5,"column":16},"end":{"line":5,"column":39}},"4":{"start":{"line":6,"column":13},"end":{"line":6,"column":42}},"5":{"start":{"line":9,"column":0},"end":{"line":51,"column":1}},"6":{"start":{"line":10,"column":4},"end":{"line":10,"column":21}},"7":{"start":{"line":12,"column":4},"end":{"line":12,"column":69}},"8":{"start":{"line":14,"column":4},"end":{"line":49,"column":6}},"9":{"start":{"line":15,"column":8},"end":{"line":48,"column":9}},"10":{"start":{"line":16,"column":12},"end":{"line":44,"column":14}},"11":{"start":{"line":18,"column":16},"end":{"line":18,"column":23}},"12":{"start":{"line":20,"column":16},"end":{"line":20,"column":46}},"13":{"start":{"line":20,"column":27},"end":{"line":20,"column":46}},"14":{"start":{"line":22,"column":16},"end":{"line":43,"column":17}},"15":{"start":{"line":23,"column":20},"end":{"line":23,"column":81}},"16":{"start":{"line":28,"column":20},"end":{"line":29,"column":60}},"17":{"start":{"line":31,"column":33},"end":{"line":31,"column":110}},"18":{"start":{"line":33,"column":20},"end":{"line":41,"column":21}},"19":{"start":{"line":47,"column":12},"end":{"line":47,"column":68}},"20":{"start":{"line":53,"column":0},"end":{"line":70,"column":1}},"21":{"start":{"line":55,"column":4},"end":{"line":55,"column":21}},"22":{"start":{"line":58,"column":4},"end":{"line":58,"column":70}},"23":{"start":{"line":60,"column":17},"end":{"line":60,"column":83}},"24":{"start":{"line":61,"column":4},"end":{"line":69,"column":5}},"25":{"start":{"line":73,"column":0},"end":{"line":85,"column":1}},"26":{"start":{"line":75,"column":4},"end":{"line":75,"column":23}},"27":{"start":{"line":77,"column":4},"end":{"line":77,"column":79}},"28":{"start":{"line":78,"column":4},"end":{"line":84,"column":5}},"29":{"start":{"line":87,"column":0},"end":{"line":99,"column":1}},"30":{"start":{"line":88,"column":4},"end":{"line":91,"column":55}},"31":{"start":{"line":92,"column":4},"end":{"line":98,"column":5}}},"fnMap":{"0":{"name":"(anonymous_0)","decl":{"start":{"line":9,"column":17},"end":{"line":9,"column":18}},"loc":{"start":{"line":9,"column":37},"end":{"line":51,"column":1}},"line":9},"1":{"name":"(anonymous_1)","decl":{"start":{"line":14,"column":29},"end":{"line":14,"column":30}},"loc":{"start":{"line":14,"column":52},"end":{"line":49,"column":5}},"line":14},"2":{"name":"(anonymous_2)","decl":{"start":{"line":16,"column":50},"end":{"line":16,"column":51}},"loc":{"start":{"line":16,"column":70},"end":{"line":44,"column":13}},"line":16},"3":{"name":"(anonymous_3)","decl":{"start":{"line":53,"column":17},"end":{"line":53,"column":18}},"loc":{"start":{"line":53,"column":37},"end":{"line":70,"column":1}},"line":53},"4":{"name":"(anonymous_4)","decl":{"start":{"line":73,"column":17},"end":{"line":73,"column":18}},"loc":{"start":{"line":73,"column":37},"end":{"line":85,"column":1}},"line":73},"5":{"name":"(anonymous_5)","decl":{"start":{"line":87,"column":14},"end":{"line":87,"column":15}},"loc":{"start":{"line":87,"column":34},"end":{"line":99,"column":1}},"line":87}},"branchMap":{"0":{"loc":{"start":{"line":15,"column":8},"end":{"line":48,"column":9}},"type":"if","locations":[{"start":{"line":15,"column":8},"end":{"line":48,"column":9}},{"start":{"line":46,"column":13},"end":{"line":48,"column":9}}],"line":15},"1":{"loc":{"start":{"line":20,"column":16},"end":{"line":20,"column":46}},"type":"if","locations":[{"start":{"line":20,"column":16},"end":{"line":20,"column":46}},{"start":{},"end":{}}],"line":20},"2":{"loc":{"start":{"line":22,"column":16},"end":{"line":43,"column":17}},"type":"if","locations":[{"start":{"line":22,"column":16},"end":{"line":43,"column":17}},{"start":{"line":25,"column":21},"end":{"line":43,"column":17}}],"line":22}},"s":{"0":5,"1":5,"2":5,"3":5,"4":5,"5":5,"6":2,"7":2,"8":2,"9":2,"10":2,"11":2,"12":2,"13":0,"14":2,"15":0,"16":2,"17":2,"18":2,"19":0,"20":5,"21":2,"22":2,"23":2,"24":2,"25":5,"26":1,"27":1,"28":1,"29":5,"30":1,"31":1},"f":{"0":2,"1":2,"2":2,"3":2,"4":1,"5":1},"b":{"0":[2,0],"1":[0,2],"2":[0,2]},"_coverageSchema":"1a1c01bbd47fc00a2c39e90264f33305004495a9","hash":"ef7a7e4300eb61e6138e0540f1285a3b625136bc"}
,"/home/vaxeng/Documents/Web_LTT_API/controllers/login.controller.js": {"path":"/home/vaxeng/Documents/Web_LTT_API/controllers/login.controller.js","statementMap":{"0":{"start":{"line":1,"column":19},"end":{"line":1,"column":52}},"1":{"start":{"line":2,"column":15},"end":{"line":2,"column":45}},"2":{"start":{"line":3,"column":11},"end":{"line":3,"column":43}},"3":{"start":{"line":4,"column":10},"end":{"line":4,"column":12}},"4":{"start":{"line":5,"column":12},"end":{"line":5,"column":35}},"5":{"start":{"line":7,"column":0},"end":{"line":47,"column":1}},"6":{"start":{"line":9,"column":4},"end":{"line":9,"column":21}},"7":{"start":{"line":11,"column":4},"end":{"line":11,"column":79}},"8":{"start":{"line":13,"column":4},"end":{"line":13,"column":86}},"9":{"start":{"line":15,"column":4},"end":{"line":46,"column":6}},"10":{"start":{"line":17,"column":8},"end":{"line":44,"column":9}},"11":{"start":{"line":18,"column":12},"end":{"line":39,"column":14}},"12":{"start":{"line":20,"column":16},"end":{"line":23,"column":17}},"13":{"start":{"line":21,"column":20},"end":{"line":21,"column":39}},"14":{"start":{"line":22,"column":20},"end":{"line":22,"column":58}},"15":{"start":{"line":24,"column":16},"end":{"line":38,"column":17}},"16":{"start":{"line":25,"column":20},"end":{"line":25,"column":74}},"17":{"start":{"line":28,"column":20},"end":{"line":28,"column":40}},"18":{"start":{"line":29,"column":20},"end":{"line":37,"column":22}},"19":{"start":{"line":30,"column":24},"end":{"line":36,"column":25}},"20":{"start":{"line":31,"column":28},"end":{"line":35,"column":30}},"21":{"start":{"line":43,"column":12},"end":{"line":43,"column":68}},"22":{"start":{"line":45,"column":8},"end":{"line":45,"column":15}}},"fnMap":{"0":{"name":"(anonymous_0)","decl":{"start":{"line":7,"column":16},"end":{"line":7,"column":17}},"loc":{"start":{"line":7,"column":36},"end":{"line":47,"column":1}},"line":7},"1":{"name":"(anonymous_1)","decl":{"start":{"line":15,"column":29},"end":{"line":15,"column":30}},"loc":{"start":{"line":15,"column":52},"end":{"line":46,"column":5}},"line":15},"2":{"name":"(anonymous_2)","decl":{"start":{"line":18,"column":69},"end":{"line":18,"column":70}},"loc":{"start":{"line":18,"column":89},"end":{"line":39,"column":13}},"line":18},"3":{"name":"(anonymous_3)","decl":{"start":{"line":29,"column":52},"end":{"line":29,"column":53}},"loc":{"start":{"line":29,"column":68},"end":{"line":37,"column":21}},"line":29}},"branchMap":{"0":{"loc":{"start":{"line":17,"column":8},"end":{"line":44,"column":9}},"type":"if","locations":[{"start":{"line":17,"column":8},"end":{"line":44,"column":9}},{"start":{"line":42,"column":13},"end":{"line":44,"column":9}}],"line":17},"1":{"loc":{"start":{"line":20,"column":16},"end":{"line":23,"column":17}},"type":"if","locations":[{"start":{"line":20,"column":16},"end":{"line":23,"column":17}},{"start":{},"end":{}}],"line":20},"2":{"loc":{"start":{"line":24,"column":16},"end":{"line":38,"column":17}},"type":"if","locations":[{"start":{"line":24,"column":16},"end":{"line":38,"column":17}},{"start":{"line":27,"column":21},"end":{"line":38,"column":17}}],"line":24},"3":{"loc":{"start":{"line":30,"column":24},"end":{"line":36,"column":25}},"type":"if","locations":[{"start":{"line":30,"column":24},"end":{"line":36,"column":25}},{"start":{},"end":{}}],"line":30}},"s":{"0":5,"1":5,"2":5,"3":5,"4":5,"5":5,"6":2,"7":2,"8":2,"9":2,"10":2,"11":2,"12":2,"13":0,"14":0,"15":2,"16":1,"17":1,"18":1,"19":1,"20":1,"21":0,"22":2},"f":{"0":2,"1":2,"2":2,"3":1},"b":{"0":[2,0],"1":[0,2],"2":[1,1],"3":[1,0]},"_coverageSchema":"1a1c01bbd47fc00a2c39e90264f33305004495a9","hash":"70c207302531d71b32be111ad0ffc3e3cf95aa68"}
,"/home/vaxeng/Documents/Web_LTT_API/controllers/quota.controller.js": {"path":"/home/vaxeng/Documents/Web_LTT_API/controllers/quota.controller.js","statementMap":{"0":{"start":{"line":2,"column":11},"end":{"line":2,"column":44}},"1":{"start":{"line":3,"column":15},"end":{"line":3,"column":45}},"2":{"start":{"line":4,"column":16},"end":{"line":4,"column":39}},"3":{"start":{"line":9,"column":0},"end":{"line":70,"column":1}},"4":{"start":{"line":13,"column":4},"end":{"line":13,"column":25}},"5":{"start":{"line":15,"column":17},"end":{"line":15,"column":42}},"6":{"start":{"line":16,"column":17},"end":{"line":16,"column":102}},"7":{"start":{"line":18,"column":4},"end":{"line":69,"column":6}},"8":{"start":{"line":20,"column":8},"end":{"line":68,"column":9}},"9":{"start":{"line":21,"column":12},"end":{"line":64,"column":14}},"10":{"start":{"line":22,"column":16},"end":{"line":63,"column":17}},"11":{"start":{"line":23,"column":20},"end":{"line":23,"column":39}},"12":{"start":{"line":24,"column":20},"end":{"line":24,"column":65}},"13":{"start":{"line":29,"column":43},"end":{"line":29,"column":44}},"14":{"start":{"line":32,"column":20},"end":{"line":62,"column":21}},"15":{"start":{"line":32,"column":33},"end":{"line":32,"column":34}},"16":{"start":{"line":34,"column":24},"end":{"line":34,"column":57}},"17":{"start":{"line":34,"column":36},"end":{"line":34,"column":57}},"18":{"start":{"line":35,"column":24},"end":{"line":35,"column":58}},"19":{"start":{"line":35,"column":36},"end":{"line":35,"column":58}},"20":{"start":{"line":36,"column":24},"end":{"line":36,"column":59}},"21":{"start":{"line":36,"column":36},"end":{"line":36,"column":59}},"22":{"start":{"line":37,"column":24},"end":{"line":37,"column":60}},"23":{"start":{"line":37,"column":36},"end":{"line":37,"column":60}},"24":{"start":{"line":38,"column":24},"end":{"line":38,"column":61}},"25":{"start":{"line":38,"column":36},"end":{"line":38,"column":61}},"26":{"start":{"line":39,"column":24},"end":{"line":39,"column":62}},"27":{"start":{"line":39,"column":36},"end":{"line":39,"column":62}},"28":{"start":{"line":42,"column":41},"end":{"line":42,"column":42}},"29":{"start":{"line":43,"column":33},"end":{"line":43,"column":61}},"30":{"start":{"line":45,"column":24},"end":{"line":45,"column":72}},"31":{"start":{"line":45,"column":37},"end":{"line":45,"column":72}},"32":{"start":{"line":46,"column":24},"end":{"line":46,"column":72}},"33":{"start":{"line":46,"column":37},"end":{"line":46,"column":72}},"34":{"start":{"line":47,"column":24},"end":{"line":47,"column":72}},"35":{"start":{"line":47,"column":37},"end":{"line":47,"column":72}},"36":{"start":{"line":48,"column":24},"end":{"line":48,"column":72}},"37":{"start":{"line":48,"column":37},"end":{"line":48,"column":72}},"38":{"start":{"line":49,"column":24},"end":{"line":49,"column":72}},"39":{"start":{"line":49,"column":37},"end":{"line":49,"column":72}},"40":{"start":{"line":50,"column":24},"end":{"line":50,"column":72}},"41":{"start":{"line":50,"column":37},"end":{"line":50,"column":72}},"42":{"start":{"line":52,"column":24},"end":{"line":60,"column":26}},"43":{"start":{"line":54,"column":28},"end":{"line":57,"column":29}},"44":{"start":{"line":55,"column":32},"end":{"line":55,"column":49}},"45":{"start":{"line":56,"column":32},"end":{"line":56,"column":77}},"46":{"start":{"line":58,"column":28},"end":{"line":59,"column":71}},"47":{"start":{"line":59,"column":32},"end":{"line":59,"column":71}},"48":{"start":{"line":65,"column":12},"end":{"line":65,"column":19}},"49":{"start":{"line":67,"column":12},"end":{"line":67,"column":68}},"50":{"start":{"line":73,"column":0},"end":{"line":83,"column":1}},"51":{"start":{"line":75,"column":4},"end":{"line":81,"column":5}}},"fnMap":{"0":{"name":"(anonymous_0)","decl":{"start":{"line":9,"column":17},"end":{"line":9,"column":18}},"loc":{"start":{"line":9,"column":37},"end":{"line":70,"column":1}},"line":9},"1":{"name":"(anonymous_1)","decl":{"start":{"line":18,"column":21},"end":{"line":18,"column":22}},"loc":{"start":{"line":18,"column":44},"end":{"line":69,"column":5}},"line":18},"2":{"name":"(anonymous_2)","decl":{"start":{"line":21,"column":31},"end":{"line":21,"column":32}},"loc":{"start":{"line":21,"column":51},"end":{"line":64,"column":13}},"line":21},"3":{"name":"(anonymous_3)","decl":{"start":{"line":52,"column":92},"end":{"line":52,"column":93}},"loc":{"start":{"line":52,"column":101},"end":{"line":60,"column":25}},"line":52},"4":{"name":"(anonymous_4)","decl":{"start":{"line":73,"column":14},"end":{"line":73,"column":15}},"loc":{"start":{"line":73,"column":34},"end":{"line":83,"column":1}},"line":73}},"branchMap":{"0":{"loc":{"start":{"line":20,"column":8},"end":{"line":68,"column":9}},"type":"if","locations":[{"start":{"line":20,"column":8},"end":{"line":68,"column":9}},{"start":{"line":66,"column":15},"end":{"line":68,"column":9}}],"line":20},"1":{"loc":{"start":{"line":22,"column":16},"end":{"line":63,"column":17}},"type":"if","locations":[{"start":{"line":22,"column":16},"end":{"line":63,"column":17}},{"start":{"line":26,"column":21},"end":{"line":63,"column":17}}],"line":22},"2":{"loc":{"start":{"line":34,"column":24},"end":{"line":34,"column":57}},"type":"if","locations":[{"start":{"line":34,"column":24},"end":{"line":34,"column":57}},{"start":{},"end":{}}],"line":34},"3":{"loc":{"start":{"line":35,"column":24},"end":{"line":35,"column":58}},"type":"if","locations":[{"start":{"line":35,"column":24},"end":{"line":35,"column":58}},{"start":{},"end":{}}],"line":35},"4":{"loc":{"start":{"line":36,"column":24},"end":{"line":36,"column":59}},"type":"if","locations":[{"start":{"line":36,"column":24},"end":{"line":36,"column":59}},{"start":{},"end":{}}],"line":36},"5":{"loc":{"start":{"line":37,"column":24},"end":{"line":37,"column":60}},"type":"if","locations":[{"start":{"line":37,"column":24},"end":{"line":37,"column":60}},{"start":{},"end":{}}],"line":37},"6":{"loc":{"start":{"line":38,"column":24},"end":{"line":38,"column":61}},"type":"if","locations":[{"start":{"line":38,"column":24},"end":{"line":38,"column":61}},{"start":{},"end":{}}],"line":38},"7":{"loc":{"start":{"line":39,"column":24},"end":{"line":39,"column":62}},"type":"if","locations":[{"start":{"line":39,"column":24},"end":{"line":39,"column":62}},{"start":{},"end":{}}],"line":39},"8":{"loc":{"start":{"line":45,"column":24},"end":{"line":45,"column":72}},"type":"if","locations":[{"start":{"line":45,"column":24},"end":{"line":45,"column":72}},{"start":{},"end":{}}],"line":45},"9":{"loc":{"start":{"line":46,"column":24},"end":{"line":46,"column":72}},"type":"if","locations":[{"start":{"line":46,"column":24},"end":{"line":46,"column":72}},{"start":{},"end":{}}],"line":46},"10":{"loc":{"start":{"line":47,"column":24},"end":{"line":47,"column":72}},"type":"if","locations":[{"start":{"line":47,"column":24},"end":{"line":47,"column":72}},{"start":{},"end":{}}],"line":47},"11":{"loc":{"start":{"line":48,"column":24},"end":{"line":48,"column":72}},"type":"if","locations":[{"start":{"line":48,"column":24},"end":{"line":48,"column":72}},{"start":{},"end":{}}],"line":48},"12":{"loc":{"start":{"line":49,"column":24},"end":{"line":49,"column":72}},"type":"if","locations":[{"start":{"line":49,"column":24},"end":{"line":49,"column":72}},{"start":{},"end":{}}],"line":49},"13":{"loc":{"start":{"line":50,"column":24},"end":{"line":50,"column":72}},"type":"if","locations":[{"start":{"line":50,"column":24},"end":{"line":50,"column":72}},{"start":{},"end":{}}],"line":50},"14":{"loc":{"start":{"line":54,"column":28},"end":{"line":57,"column":29}},"type":"if","locations":[{"start":{"line":54,"column":28},"end":{"line":57,"column":29}},{"start":{},"end":{}}],"line":54},"15":{"loc":{"start":{"line":58,"column":28},"end":{"line":59,"column":71}},"type":"if","locations":[{"start":{"line":58,"column":28},"end":{"line":59,"column":71}},{"start":{},"end":{}}],"line":58}},"s":{"0":5,"1":5,"2":5,"3":5,"4":0,"5":0,"6":0,"7":0,"8":0,"9":0,"10":0,"11":0,"12":0,"13":0,"14":0,"15":0,"16":0,"17":0,"18":0,"19":0,"20":0,"21":0,"22":0,"23":0,"24":0,"25":0,"26":0,"27":0,"28":0,"29":0,"30":0,"31":0,"32":0,"33":0,"34":0,"35":0,"36":0,"37":0,"38":0,"39":0,"40":0,"41":0,"42":0,"43":0,"44":0,"45":0,"46":0,"47":0,"48":0,"49":0,"50":5,"51":1},"f":{"0":0,"1":0,"2":0,"3":0,"4":1},"b":{"0":[0,0],"1":[0,0],"2":[0,0],"3":[0,0],"4":[0,0],"5":[0,0],"6":[0,0],"7":[0,0],"8":[0,0],"9":[0,0],"10":[0,0],"11":[0,0],"12":[0,0],"13":[0,0],"14":[0,0],"15":[0,0]},"_coverageSchema":"1a1c01bbd47fc00a2c39e90264f33305004495a9","hash":"181d3045ee467db8c196292208e513007ed2e741"}
,"/home/vaxeng/Documents/Web_LTT_API/controllers/unit.controller.js": {"path":"/home/vaxeng/Documents/Web_LTT_API/controllers/unit.controller.js","statementMap":{"0":{"start":{"line":1,"column":11},"end":{"line":1,"column":44}},"1":{"start":{"line":2,"column":15},"end":{"line":2,"column":45}},"2":{"start":{"line":3,"column":11},"end":{"line":3,"column":42}},"3":{"start":{"line":4,"column":16},"end":{"line":4,"column":39}},"4":{"start":{"line":5,"column":10},"end":{"line":5,"column":12}},"5":{"start":{"line":6,"column":13},"end":{"line":6,"column":42}},"6":{"start":{"line":10,"column":0},"end":{"line":53,"column":1}},"7":{"start":{"line":12,"column":4},"end":{"line":12,"column":19}},"8":{"start":{"line":14,"column":4},"end":{"line":14,"column":63}},"9":{"start":{"line":16,"column":4},"end":{"line":52,"column":6}},"10":{"start":{"line":17,"column":8},"end":{"line":51,"column":9}},"11":{"start":{"line":18,"column":12},"end":{"line":47,"column":14}},"12":{"start":{"line":20,"column":16},"end":{"line":20,"column":23}},"13":{"start":{"line":22,"column":16},"end":{"line":25,"column":17}},"14":{"start":{"line":23,"column":20},"end":{"line":23,"column":37}},"15":{"start":{"line":24,"column":20},"end":{"line":24,"column":61}},"16":{"start":{"line":26,"column":16},"end":{"line":46,"column":17}},"17":{"start":{"line":27,"column":20},"end":{"line":27,"column":87}},"18":{"start":{"line":30,"column":20},"end":{"line":31,"column":65}},"19":{"start":{"line":33,"column":33},"end":{"line":34,"column":54}},"20":{"start":{"line":36,"column":18},"end":{"line":44,"column":21}},"21":{"start":{"line":50,"column":12},"end":{"line":50,"column":66}},"22":{"start":{"line":56,"column":0},"end":{"line":76,"column":1}},"23":{"start":{"line":58,"column":4},"end":{"line":58,"column":19}},"24":{"start":{"line":61,"column":4},"end":{"line":62,"column":29}},"25":{"start":{"line":65,"column":17},"end":{"line":65,"column":96}},"26":{"start":{"line":67,"column":3},"end":{"line":75,"column":5}},"27":{"start":{"line":79,"column":0},"end":{"line":88,"column":1}},"28":{"start":{"line":80,"column":4},"end":{"line":80,"column":21}},"29":{"start":{"line":81,"column":2},"end":{"line":87,"column":5}},"30":{"start":{"line":91,"column":0},"end":{"line":99,"column":1}},"31":{"start":{"line":92,"column":3},"end":{"line":98,"column":5}},"32":{"start":{"line":102,"column":0},"end":{"line":121,"column":1}},"33":{"start":{"line":104,"column":4},"end":{"line":104,"column":21}},"34":{"start":{"line":105,"column":4},"end":{"line":112,"column":54}},"35":{"start":{"line":114,"column":2},"end":{"line":120,"column":5}}},"fnMap":{"0":{"name":"(anonymous_0)","decl":{"start":{"line":10,"column":17},"end":{"line":10,"column":18}},"loc":{"start":{"line":10,"column":37},"end":{"line":53,"column":1}},"line":10},"1":{"name":"(anonymous_1)","decl":{"start":{"line":16,"column":21},"end":{"line":16,"column":22}},"loc":{"start":{"line":16,"column":44},"end":{"line":52,"column":5}},"line":16},"2":{"name":"(anonymous_2)","decl":{"start":{"line":18,"column":44},"end":{"line":18,"column":45}},"loc":{"start":{"line":18,"column":68},"end":{"line":47,"column":13}},"line":18},"3":{"name":"(anonymous_3)","decl":{"start":{"line":56,"column":17},"end":{"line":56,"column":18}},"loc":{"start":{"line":56,"column":37},"end":{"line":76,"column":1}},"line":56},"4":{"name":"(anonymous_4)","decl":{"start":{"line":79,"column":17},"end":{"line":79,"column":18}},"loc":{"start":{"line":79,"column":37},"end":{"line":88,"column":1}},"line":79},"5":{"name":"(anonymous_5)","decl":{"start":{"line":91,"column":14},"end":{"line":91,"column":15}},"loc":{"start":{"line":91,"column":34},"end":{"line":99,"column":1}},"line":91},"6":{"name":"(anonymous_6)","decl":{"start":{"line":102,"column":22},"end":{"line":102,"column":23}},"loc":{"start":{"line":102,"column":42},"end":{"line":121,"column":1}},"line":102}},"branchMap":{"0":{"loc":{"start":{"line":17,"column":8},"end":{"line":51,"column":9}},"type":"if","locations":[{"start":{"line":17,"column":8},"end":{"line":51,"column":9}},{"start":{"line":49,"column":13},"end":{"line":51,"column":9}}],"line":17},"1":{"loc":{"start":{"line":22,"column":16},"end":{"line":25,"column":17}},"type":"if","locations":[{"start":{"line":22,"column":16},"end":{"line":25,"column":17}},{"start":{},"end":{}}],"line":22},"2":{"loc":{"start":{"line":26,"column":16},"end":{"line":46,"column":17}},"type":"if","locations":[{"start":{"line":26,"column":16},"end":{"line":46,"column":17}},{"start":{"line":29,"column":21},"end":{"line":46,"column":17}}],"line":26}},"s":{"0":5,"1":5,"2":5,"3":5,"4":5,"5":5,"6":5,"7":1,"8":1,"9":1,"10":1,"11":1,"12":1,"13":1,"14":0,"15":0,"16":1,"17":1,"18":0,"19":0,"20":0,"21":0,"22":5,"23":2,"24":2,"25":2,"26":2,"27":5,"28":2,"29":2,"30":5,"31":1,"32":5,"33":2,"34":2,"35":2},"f":{"0":1,"1":1,"2":1,"3":2,"4":2,"5":1,"6":2},"b":{"0":[1,0],"1":[0,1],"2":[1,0]},"_coverageSchema":"1a1c01bbd47fc00a2c39e90264f33305004495a9","hash":"1c65cbb475f3c0cb3ecd7aa6a6ba12acc46a575f"}
,"/home/vaxeng/Documents/Web_LTT_API/controllers/user_seller.controller.js": {"path":"/home/vaxeng/Documents/Web_LTT_API/controllers/user_seller.controller.js","statementMap":{"0":{"start":{"line":2,"column":11},"end":{"line":2,"column":44}},"1":{"start":{"line":3,"column":15},"end":{"line":3,"column":45}},"2":{"start":{"line":4,"column":13},"end":{"line":4,"column":51}},"3":{"start":{"line":5,"column":16},"end":{"line":5,"column":39}},"4":{"start":{"line":6,"column":10},"end":{"line":6,"column":12}},"5":{"start":{"line":7,"column":13},"end":{"line":7,"column":42}},"6":{"start":{"line":11,"column":0},"end":{"line":54,"column":1}},"7":{"start":{"line":13,"column":4},"end":{"line":13,"column":21}},"8":{"start":{"line":15,"column":4},"end":{"line":15,"column":57}},"9":{"start":{"line":17,"column":4},"end":{"line":53,"column":6}},"10":{"start":{"line":19,"column":8},"end":{"line":52,"column":9}},"11":{"start":{"line":21,"column":12},"end":{"line":48,"column":14}},"12":{"start":{"line":23,"column":16},"end":{"line":23,"column":23}},"13":{"start":{"line":25,"column":16},"end":{"line":28,"column":17}},"14":{"start":{"line":26,"column":20},"end":{"line":26,"column":39}},"15":{"start":{"line":27,"column":20},"end":{"line":27,"column":65}},"16":{"start":{"line":29,"column":16},"end":{"line":47,"column":17}},"17":{"start":{"line":30,"column":20},"end":{"line":30,"column":87}},"18":{"start":{"line":33,"column":20},"end":{"line":34,"column":74}},"19":{"start":{"line":36,"column":33},"end":{"line":37,"column":68}},"20":{"start":{"line":38,"column":20},"end":{"line":46,"column":21}},"21":{"start":{"line":51,"column":12},"end":{"line":51,"column":68}},"22":{"start":{"line":57,"column":0},"end":{"line":72,"column":1}},"23":{"start":{"line":59,"column":4},"end":{"line":59,"column":21}},"24":{"start":{"line":60,"column":4},"end":{"line":60,"column":96}},"25":{"start":{"line":61,"column":17},"end":{"line":61,"column":141}},"26":{"start":{"line":62,"column":4},"end":{"line":70,"column":5}},"27":{"start":{"line":75,"column":0},"end":{"line":88,"column":1}},"28":{"start":{"line":77,"column":4},"end":{"line":77,"column":23}},"29":{"start":{"line":79,"column":4},"end":{"line":79,"column":71}},"30":{"start":{"line":81,"column":4},"end":{"line":87,"column":5}},"31":{"start":{"line":90,"column":0},"end":{"line":99,"column":1}},"32":{"start":{"line":91,"column":4},"end":{"line":91,"column":47}},"33":{"start":{"line":92,"column":4},"end":{"line":98,"column":5}},"34":{"start":{"line":101,"column":0},"end":{"line":111,"column":1}},"35":{"start":{"line":102,"column":4},"end":{"line":102,"column":23}},"36":{"start":{"line":103,"column":4},"end":{"line":103,"column":68}},"37":{"start":{"line":104,"column":4},"end":{"line":110,"column":5}},"38":{"start":{"line":114,"column":0},"end":{"line":124,"column":1}},"39":{"start":{"line":115,"column":4},"end":{"line":115,"column":23}},"40":{"start":{"line":116,"column":4},"end":{"line":116,"column":68}},"41":{"start":{"line":117,"column":4},"end":{"line":123,"column":5}}},"fnMap":{"0":{"name":"(anonymous_0)","decl":{"start":{"line":11,"column":17},"end":{"line":11,"column":18}},"loc":{"start":{"line":11,"column":37},"end":{"line":54,"column":1}},"line":11},"1":{"name":"(anonymous_1)","decl":{"start":{"line":17,"column":21},"end":{"line":17,"column":22}},"loc":{"start":{"line":17,"column":44},"end":{"line":53,"column":5}},"line":17},"2":{"name":"(anonymous_2)","decl":{"start":{"line":21,"column":45},"end":{"line":21,"column":46}},"loc":{"start":{"line":21,"column":65},"end":{"line":48,"column":13}},"line":21},"3":{"name":"(anonymous_3)","decl":{"start":{"line":57,"column":17},"end":{"line":57,"column":18}},"loc":{"start":{"line":57,"column":37},"end":{"line":72,"column":1}},"line":57},"4":{"name":"(anonymous_4)","decl":{"start":{"line":75,"column":17},"end":{"line":75,"column":18}},"loc":{"start":{"line":75,"column":37},"end":{"line":88,"column":1}},"line":75},"5":{"name":"(anonymous_5)","decl":{"start":{"line":90,"column":14},"end":{"line":90,"column":15}},"loc":{"start":{"line":90,"column":34},"end":{"line":99,"column":1}},"line":90},"6":{"name":"(anonymous_6)","decl":{"start":{"line":101,"column":22},"end":{"line":101,"column":23}},"loc":{"start":{"line":101,"column":42},"end":{"line":111,"column":1}},"line":101},"7":{"name":"(anonymous_7)","decl":{"start":{"line":114,"column":18},"end":{"line":114,"column":19}},"loc":{"start":{"line":114,"column":38},"end":{"line":124,"column":1}},"line":114}},"branchMap":{"0":{"loc":{"start":{"line":19,"column":8},"end":{"line":52,"column":9}},"type":"if","locations":[{"start":{"line":19,"column":8},"end":{"line":52,"column":9}},{"start":{"line":50,"column":13},"end":{"line":52,"column":9}}],"line":19},"1":{"loc":{"start":{"line":25,"column":16},"end":{"line":28,"column":17}},"type":"if","locations":[{"start":{"line":25,"column":16},"end":{"line":28,"column":17}},{"start":{},"end":{}}],"line":25},"2":{"loc":{"start":{"line":29,"column":16},"end":{"line":47,"column":17}},"type":"if","locations":[{"start":{"line":29,"column":16},"end":{"line":47,"column":17}},{"start":{"line":32,"column":21},"end":{"line":47,"column":17}}],"line":29}},"s":{"0":5,"1":5,"2":5,"3":5,"4":5,"5":5,"6":5,"7":1,"8":1,"9":1,"10":1,"11":1,"12":1,"13":1,"14":0,"15":0,"16":1,"17":1,"18":0,"19":0,"20":0,"21":0,"22":5,"23":2,"24":2,"25":2,"26":2,"27":5,"28":2,"29":2,"30":2,"31":5,"32":1,"33":1,"34":5,"35":3,"36":3,"37":3,"38":5,"39":0,"40":0,"41":0},"f":{"0":1,"1":1,"2":1,"3":2,"4":2,"5":1,"6":3,"7":0},"b":{"0":[1,0],"1":[0,1],"2":[1,0]},"_coverageSchema":"1a1c01bbd47fc00a2c39e90264f33305004495a9","hash":"0a247a84bd8e448b87817262ddbf25e12db360f6"}
,"/home/vaxeng/Documents/Web_LTT_API/getdate/datenow.js": {"path":"/home/vaxeng/Documents/Web_LTT_API/getdate/datenow.js","statementMap":{"0":{"start":{"line":2,"column":16},"end":{"line":10,"column":1}},"1":{"start":{"line":3,"column":18},"end":{"line":3,"column":28}},"2":{"start":{"line":4,"column":16},"end":{"line":4,"column":51}},"3":{"start":{"line":5,"column":16},"end":{"line":5,"column":58}},"4":{"start":{"line":6,"column":15},"end":{"line":6,"column":36}},"5":{"start":{"line":7,"column":17},"end":{"line":7,"column":49}},"6":{"start":{"line":9,"column":4},"end":{"line":9,"column":15}},"7":{"start":{"line":11,"column":0},"end":{"line":11,"column":24}}},"fnMap":{"0":{"name":"(anonymous_0)","decl":{"start":{"line":2,"column":16},"end":{"line":2,"column":17}},"loc":{"start":{"line":2,"column":26},"end":{"line":10,"column":1}},"line":2}},"branchMap":{},"s":{"0":5,"1":2,"2":2,"3":2,"4":2,"5":2,"6":2,"7":5},"f":{"0":2},"b":{},"_coverageSchema":"1a1c01bbd47fc00a2c39e90264f33305004495a9","hash":"c3451b7156e2f0cb572b4e3a93a52ceeb609d907"}
,"/home/vaxeng/Documents/Web_LTT_API/middleware/check-auth.js": {"path":"/home/vaxeng/Documents/Web_LTT_API/middleware/check-auth.js","statementMap":{"0":{"start":{"line":2,"column":12},"end":{"line":2,"column":35}},"1":{"start":{"line":4,"column":0},"end":{"line":16,"column":1}},"2":{"start":{"line":5,"column":4},"end":{"line":15,"column":5}},"3":{"start":{"line":7,"column":24},"end":{"line":7,"column":71}},"4":{"start":{"line":8,"column":8},"end":{"line":8,"column":30}},"5":{"start":{"line":9,"column":8},"end":{"line":9,"column":15}},"6":{"start":{"line":12,"column":8},"end":{"line":14,"column":10}}},"fnMap":{"0":{"name":"(anonymous_0)","decl":{"start":{"line":4,"column":17},"end":{"line":4,"column":18}},"loc":{"start":{"line":4,"column":36},"end":{"line":16,"column":1}},"line":4}},"branchMap":{},"s":{"0":5,"1":5,"2":0,"3":0,"4":0,"5":0,"6":0},"f":{"0":0},"b":{},"_coverageSchema":"1a1c01bbd47fc00a2c39e90264f33305004495a9","hash":"8bdf573b7e9a8f5ba7c5ecb991d22c68912b22e6"}
,"/home/vaxeng/Documents/Web_LTT_API/models/branch.model.js": {"path":"/home/vaxeng/Documents/Web_LTT_API/models/branch.model.js","statementMap":{"0":{"start":{"line":2,"column":13},"end":{"line":7,"column":1}},"1":{"start":{"line":8,"column":0},"end":{"line":8,"column":23}}},"fnMap":{},"branchMap":{},"s":{"0":5,"1":5},"f":{},"b":{},"_coverageSchema":"1a1c01bbd47fc00a2c39e90264f33305004495a9","hash":"50f00362f2e106dee40b6c9b489267a49e23b50b"}
,"/home/vaxeng/Documents/Web_LTT_API/models/login.model.js": {"path":"/home/vaxeng/Documents/Web_LTT_API/models/login.model.js","statementMap":{"0":{"start":{"line":2,"column":11},"end":{"line":5,"column":1}},"1":{"start":{"line":6,"column":0},"end":{"line":6,"column":21}}},"fnMap":{},"branchMap":{},"s":{"0":5,"1":5},"f":{},"b":{},"_coverageSchema":"1a1c01bbd47fc00a2c39e90264f33305004495a9","hash":"bddc7133cf9ff68c213174711e7f1b5a7d139862"}
,"/home/vaxeng/Documents/Web_LTT_API/models/unit.model.js": {"path":"/home/vaxeng/Documents/Web_LTT_API/models/unit.model.js","statementMap":{"0":{"start":{"line":2,"column":19},"end":{"line":11,"column":1}},"1":{"start":{"line":12,"column":0},"end":{"line":12,"column":29}}},"fnMap":{},"branchMap":{},"s":{"0":5,"1":5},"f":{},"b":{},"_coverageSchema":"1a1c01bbd47fc00a2c39e90264f33305004495a9","hash":"5a8a708e568d1c4fccbf287c2a6b35e873634936"}
,"/home/vaxeng/Documents/Web_LTT_API/models/user_seller.model.js": {"path":"/home/vaxeng/Documents/Web_LTT_API/models/user_seller.model.js","statementMap":{"0":{"start":{"line":1,"column":18},"end":{"line":16,"column":1}},"1":{"start":{"line":17,"column":0},"end":{"line":17,"column":28}}},"fnMap":{},"branchMap":{},"s":{"0":5,"1":5},"f":{},"b":{},"_coverageSchema":"1a1c01bbd47fc00a2c39e90264f33305004495a9","hash":"3641094a73e00fa630b6382512cb46595bb91091"}
,"/home/vaxeng/Documents/Web_LTT_API/routes/branch.route.js": {"path":"/home/vaxeng/Documents/Web_LTT_API/routes/branch.route.js","statementMap":{"0":{"start":{"line":2,"column":16},"end":{"line":2,"column":34}},"1":{"start":{"line":3,"column":14},"end":{"line":3,"column":30}},"2":{"start":{"line":4,"column":15},"end":{"line":4,"column":58}},"3":{"start":{"line":5,"column":19},"end":{"line":5,"column":54}},"4":{"start":{"line":67,"column":0},"end":{"line":67,"column":36}},"5":{"start":{"line":96,"column":0},"end":{"line":96,"column":35}},"6":{"start":{"line":126,"column":0},"end":{"line":126,"column":46}},"7":{"start":{"line":149,"column":0},"end":{"line":149,"column":32}},"8":{"start":{"line":152,"column":0},"end":{"line":152,"column":22}}},"fnMap":{},"branchMap":{},"s":{"0":5,"1":5,"2":5,"3":5,"4":5,"5":5,"6":5,"7":5,"8":5},"f":{},"b":{},"_coverageSchema":"1a1c01bbd47fc00a2c39e90264f33305004495a9","hash":"fa51cfbebc9826a2812c12ab5b8a278e16cc65b2"}
,"/home/vaxeng/Documents/Web_LTT_API/routes/login.route.js": {"path":"/home/vaxeng/Documents/Web_LTT_API/routes/login.route.js","statementMap":{"0":{"start":{"line":1,"column":16},"end":{"line":1,"column":34}},"1":{"start":{"line":2,"column":15},"end":{"line":2,"column":31}},"2":{"start":{"line":3,"column":13},"end":{"line":3,"column":55}},"3":{"start":{"line":4,"column":19},"end":{"line":4,"column":54}},"4":{"start":{"line":63,"column":0},"end":{"line":63,"column":61}},"5":{"start":{"line":66,"column":0},"end":{"line":66,"column":24}}},"fnMap":{},"branchMap":{},"s":{"0":5,"1":5,"2":5,"3":5,"4":5,"5":5},"f":{},"b":{},"_coverageSchema":"1a1c01bbd47fc00a2c39e90264f33305004495a9","hash":"cdec9db12787b8bfd5855e5f6b05070b865c5951"}
,"/home/vaxeng/Documents/Web_LTT_API/routes/quota.route.js": {"path":"/home/vaxeng/Documents/Web_LTT_API/routes/quota.route.js","statementMap":{"0":{"start":{"line":2,"column":16},"end":{"line":2,"column":34}},"1":{"start":{"line":3,"column":14},"end":{"line":3,"column":30}},"2":{"start":{"line":4,"column":15},"end":{"line":4,"column":58}},"3":{"start":{"line":5,"column":19},"end":{"line":5,"column":54}},"4":{"start":{"line":6,"column":14},"end":{"line":6,"column":56}},"5":{"start":{"line":75,"column":0},"end":{"line":75,"column":33}},"6":{"start":{"line":98,"column":0},"end":{"line":98,"column":30}},"7":{"start":{"line":101,"column":0},"end":{"line":101,"column":22}}},"fnMap":{},"branchMap":{},"s":{"0":5,"1":5,"2":5,"3":5,"4":5,"5":5,"6":5,"7":5},"f":{},"b":{},"_coverageSchema":"1a1c01bbd47fc00a2c39e90264f33305004495a9","hash":"5658e93230826e59a0a753d0667bce282ebc3977"}
,"/home/vaxeng/Documents/Web_LTT_API/routes/unit.route.js": {"path":"/home/vaxeng/Documents/Web_LTT_API/routes/unit.route.js","statementMap":{"0":{"start":{"line":2,"column":16},"end":{"line":2,"column":34}},"1":{"start":{"line":3,"column":14},"end":{"line":3,"column":30}},"2":{"start":{"line":4,"column":13},"end":{"line":4,"column":54}},"3":{"start":{"line":5,"column":19},"end":{"line":5,"column":54}},"4":{"start":{"line":87,"column":0},"end":{"line":87,"column":32}},"5":{"start":{"line":116,"column":0},"end":{"line":116,"column":31}},"6":{"start":{"line":146,"column":0},"end":{"line":146,"column":38}},"7":{"start":{"line":169,"column":0},"end":{"line":169,"column":28}},"8":{"start":{"line":197,"column":1},"end":{"line":197,"column":57}},"9":{"start":{"line":199,"column":0},"end":{"line":199,"column":22}}},"fnMap":{},"branchMap":{},"s":{"0":5,"1":5,"2":5,"3":5,"4":5,"5":5,"6":5,"7":5,"8":5,"9":5},"f":{},"b":{},"_coverageSchema":"1a1c01bbd47fc00a2c39e90264f33305004495a9","hash":"eb4369bb2df7caa4a9f3a0448d68b5996ca3d165"}
,"/home/vaxeng/Documents/Web_LTT_API/routes/user_seller.js": {"path":"/home/vaxeng/Documents/Web_LTT_API/routes/user_seller.js","statementMap":{"0":{"start":{"line":2,"column":16},"end":{"line":2,"column":34}},"1":{"start":{"line":3,"column":14},"end":{"line":3,"column":30}},"2":{"start":{"line":4,"column":15},"end":{"line":4,"column":63}},"3":{"start":{"line":5,"column":19},"end":{"line":5,"column":54}},"4":{"start":{"line":97,"column":0},"end":{"line":97,"column":36}},"5":{"start":{"line":124,"column":0},"end":{"line":124,"column":35}},"6":{"start":{"line":154,"column":0},"end":{"line":154,"column":41}},"7":{"start":{"line":185,"column":0},"end":{"line":185,"column":52}},"8":{"start":{"line":215,"column":1},"end":{"line":215,"column":55}},"9":{"start":{"line":239,"column":0},"end":{"line":239,"column":32}},"10":{"start":{"line":241,"column":0},"end":{"line":241,"column":22}}},"fnMap":{},"branchMap":{},"s":{"0":5,"1":5,"2":5,"3":5,"4":5,"5":5,"6":5,"7":5,"8":5,"9":5,"10":5},"f":{},"b":{},"_coverageSchema":"1a1c01bbd47fc00a2c39e90264f33305004495a9","hash":"d99ec79608c220a3e1cfb5ede9d82f25eaa2ed87"}
}
