TN:
SF:Processes.js
FN:6,(anonymous_0)
FN:11,(anonymous_1)
FN:13,(anonymous_2)
FN:34,(anonymous_3)
FN:38,(anonymous_4)
FN:40,(anonymous_5)
FN:47,(anonymous_6)
FN:70,(anonymous_7)
FN:75,(anonymous_8)
FN:77,(anonymous_9)
FN:97,(anonymous_10)
FN:102,(anonymous_11)
FN:104,(anonymous_12)
FN:125,(anonymous_13)
FN:130,(anonymous_14)
FN:133,(anonymous_15)
FN:142,(anonymous_16)
FN:167,(anonymous_17)
FN:172,(anonymous_18)
FN:174,(anonymous_19)
FNF:20
FNH:16
FNDA:0,(anonymous_0)
FNDA:0,(anonymous_1)
FNDA:0,(anonymous_2)
FNDA:2,(anonymous_3)
FNDA:2,(anonymous_4)
FNDA:2,(anonymous_5)
FNDA:0,(anonymous_6)
FNDA:6,(anonymous_7)
FNDA:6,(anonymous_8)
FNDA:6,(anonymous_9)
FNDA:3,(anonymous_10)
FNDA:3,(anonymous_11)
FNDA:3,(anonymous_12)
FNDA:6,(anonymous_13)
FNDA:6,(anonymous_14)
FNDA:6,(anonymous_15)
FNDA:2,(anonymous_16)
FNDA:5,(anonymous_17)
FNDA:5,(anonymous_18)
FNDA:5,(anonymous_19)
DA:2,5
DA:3,5
DA:6,5
DA:8,0
DA:9,0
DA:11,0
DA:12,0
DA:13,0
DA:15,0
DA:16,0
DA:17,0
DA:20,0
DA:21,0
DA:24,0
DA:27,0
DA:34,5
DA:35,2
DA:36,2
DA:38,2
DA:39,2
DA:40,2
DA:41,2
DA:42,2
DA:43,2
DA:47,0
DA:49,0
DA:50,0
DA:51,0
DA:54,0
DA:59,2
DA:62,0
DA:70,5
DA:72,6
DA:73,6
DA:75,6
DA:76,6
DA:77,6
DA:78,6
DA:79,0
DA:80,0
DA:82,6
DA:83,3
DA:86,3
DA:87,3
DA:90,6
DA:92,0
DA:97,5
DA:99,3
DA:100,3
DA:102,3
DA:103,3
DA:104,3
DA:105,3
DA:106,0
DA:107,0
DA:109,3
DA:110,2
DA:113,1
DA:114,1
DA:117,3
DA:120,0
DA:125,5
DA:127,6
DA:128,6
DA:130,6
DA:131,6
DA:133,6
DA:134,6
DA:135,0
DA:136,0
DA:138,6
DA:139,4
DA:142,2
DA:143,2
DA:144,0
DA:145,0
DA:147,2
DA:148,0
DA:151,2
DA:156,6
DA:159,0
DA:167,5
DA:169,5
DA:170,5
DA:172,5
DA:173,5
DA:174,5
DA:175,5
DA:176,0
DA:177,0
DA:179,5
DA:180,3
DA:183,2
DA:184,2
DA:187,5
DA:191,0
DA:196,5
LF:97
LH:64
BRDA:12,0,0,0
BRDA:12,0,1,0
BRDA:15,1,0,0
BRDA:15,1,1,0
BRDA:39,2,0,2
BRDA:39,2,1,0
BRDA:41,3,0,2
BRDA:41,3,1,0
BRDA:49,4,0,0
BRDA:49,4,1,0
BRDA:76,5,0,6
BRDA:76,5,1,0
BRDA:78,6,0,0
BRDA:78,6,1,6
BRDA:82,7,0,3
BRDA:82,7,1,3
BRDA:103,8,0,3
BRDA:103,8,1,0
BRDA:105,9,0,0
BRDA:105,9,1,3
BRDA:109,10,0,2
BRDA:109,10,1,1
BRDA:131,11,0,6
BRDA:131,11,1,0
BRDA:134,12,0,0
BRDA:134,12,1,6
BRDA:138,13,0,4
BRDA:138,13,1,2
BRDA:143,14,0,0
BRDA:143,14,1,2
BRDA:147,15,0,0
BRDA:147,15,1,2
BRDA:173,16,0,5
BRDA:173,16,1,0
BRDA:175,17,0,0
BRDA:175,17,1,5
BRDA:179,18,0,3
BRDA:179,18,1,2
BRF:38
BRH:20
end_of_record
TN:
SF:server.js
FNF:0
FNH:0
DA:3,5
DA:4,5
DA:5,5
DA:6,5
DA:7,5
DA:8,5
DA:11,5
DA:12,5
DA:13,5
DA:14,5
DA:15,5
DA:18,5
DA:19,5
DA:20,5
DA:21,5
DA:22,5
DA:25,5
DA:26,5
DA:27,5
DA:28,5
DA:29,5
DA:33,5
DA:34,5
DA:70,5
DA:71,5
DA:73,5
DA:76,5
DA:77,5
LF:28
LH:28
BRDA:33,0,0,5
BRDA:33,0,1,5
BRF:2
BRH:2
end_of_record
TN:
SF:DBConfig/connection.js
FNF:0
FNH:0
DA:3,5
DA:5,5
DA:25,5
LF:3
LH:3
BRF:0
BRH:0
end_of_record
TN:
SF:LogConfig/logger.js
FNF:0
FNH:0
DA:2,5
DA:3,5
DA:20,5
LF:3
LH:3
BRF:0
BRH:0
end_of_record
TN:
SF:controllers/branch.controller.js
FN:9,(anonymous_0)
FN:14,(anonymous_1)
FN:16,(anonymous_2)
FN:53,(anonymous_3)
FN:73,(anonymous_4)
FN:87,(anonymous_5)
FNF:6
FNH:6
FNDA:2,(anonymous_0)
FNDA:2,(anonymous_1)
FNDA:2,(anonymous_2)
FNDA:2,(anonymous_3)
FNDA:1,(anonymous_4)
FNDA:1,(anonymous_5)
DA:2,5
DA:3,5
DA:4,5
DA:5,5
DA:6,5
DA:9,5
DA:10,2
DA:12,2
DA:14,2
DA:15,2
DA:16,2
DA:18,2
DA:20,2
DA:22,2
DA:23,0
DA:28,2
DA:31,2
DA:33,2
DA:47,0
DA:53,5
DA:55,2
DA:58,2
DA:60,2
DA:61,2
DA:73,5
DA:75,1
DA:77,1
DA:78,1
DA:87,5
DA:88,1
DA:92,1
LF:31
LH:29
BRDA:15,0,0,2
BRDA:15,0,1,0
BRDA:20,1,0,0
BRDA:20,1,1,2
BRDA:22,2,0,0
BRDA:22,2,1,2
BRF:6
BRH:3
end_of_record
TN:
SF:controllers/login.controller.js
FN:7,(anonymous_0)
FN:15,(anonymous_1)
FN:18,(anonymous_2)
FN:29,(anonymous_3)
FNF:4
FNH:4
FNDA:2,(anonymous_0)
FNDA:2,(anonymous_1)
FNDA:2,(anonymous_2)
FNDA:1,(anonymous_3)
DA:1,5
DA:2,5
DA:3,5
DA:4,5
DA:5,5
DA:7,5
DA:9,2
DA:11,2
DA:13,2
DA:15,2
DA:17,2
DA:18,2
DA:20,2
DA:21,0
DA:22,0
DA:24,2
DA:25,1
DA:28,1
DA:29,1
DA:30,1
DA:31,1
DA:43,0
DA:45,2
LF:23
LH:20
BRDA:17,0,0,2
BRDA:17,0,1,0
BRDA:20,1,0,0
BRDA:20,1,1,2
BRDA:24,2,0,1
BRDA:24,2,1,1
BRDA:30,3,0,1
BRDA:30,3,1,0
BRF:8
BRH:5
end_of_record
TN:
SF:controllers/quota.controller.js
FN:9,(anonymous_0)
FN:18,(anonymous_1)
FN:21,(anonymous_2)
FN:52,(anonymous_3)
FN:73,(anonymous_4)
FNF:5
FNH:1
FNDA:0,(anonymous_0)
FNDA:0,(anonymous_1)
FNDA:0,(anonymous_2)
FNDA:0,(anonymous_3)
FNDA:1,(anonymous_4)
DA:2,5
DA:3,5
DA:4,5
DA:9,5
DA:13,0
DA:15,0
DA:16,0
DA:18,0
DA:20,0
DA:21,0
DA:22,0
DA:23,0
DA:24,0
DA:29,0
DA:32,0
DA:34,0
DA:35,0
DA:36,0
DA:37,0
DA:38,0
DA:39,0
DA:42,0
DA:43,0
DA:45,0
DA:46,0
DA:47,0
DA:48,0
DA:49,0
DA:50,0
DA:52,0
DA:54,0
DA:55,0
DA:56,0
DA:58,0
DA:59,0
DA:65,0
DA:67,0
DA:73,5
DA:75,1
LF:39
LH:6
BRDA:20,0,0,0
BRDA:20,0,1,0
BRDA:22,1,0,0
BRDA:22,1,1,0
BRDA:34,2,0,0
BRDA:34,2,1,0
BRDA:35,3,0,0
BRDA:35,3,1,0
BRDA:36,4,0,0
BRDA:36,4,1,0
BRDA:37,5,0,0
BRDA:37,5,1,0
BRDA:38,6,0,0
BRDA:38,6,1,0
BRDA:39,7,0,0
BRDA:39,7,1,0
BRDA:45,8,0,0
BRDA:45,8,1,0
BRDA:46,9,0,0
BRDA:46,9,1,0
BRDA:47,10,0,0
BRDA:47,10,1,0
BRDA:48,11,0,0
BRDA:48,11,1,0
BRDA:49,12,0,0
BRDA:49,12,1,0
BRDA:50,13,0,0
BRDA:50,13,1,0
BRDA:54,14,0,0
BRDA:54,14,1,0
BRDA:58,15,0,0
BRDA:58,15,1,0
BRF:32
BRH:0
end_of_record
TN:
SF:controllers/unit.controller.js
FN:10,(anonymous_0)
FN:16,(anonymous_1)
FN:18,(anonymous_2)
FN:56,(anonymous_3)
FN:79,(anonymous_4)
FN:91,(anonymous_5)
FN:102,(anonymous_6)
FNF:7
FNH:7
FNDA:1,(anonymous_0)
FNDA:1,(anonymous_1)
FNDA:1,(anonymous_2)
FNDA:2,(anonymous_3)
FNDA:2,(anonymous_4)
FNDA:1,(anonymous_5)
FNDA:2,(anonymous_6)
DA:1,5
DA:2,5
DA:3,5
DA:4,5
DA:5,5
DA:6,5
DA:10,5
DA:12,1
DA:14,1
DA:16,1
DA:17,1
DA:18,1
DA:20,1
DA:22,1
DA:23,0
DA:24,0
DA:26,1
DA:27,1
DA:30,0
DA:33,0
DA:36,0
DA:50,0
DA:56,5
DA:58,2
DA:61,2
DA:65,2
DA:67,2
DA:79,5
DA:80,2
DA:81,2
DA:91,5
DA:92,1
DA:102,5
DA:104,2
DA:105,2
DA:114,2
LF:36
LH:30
BRDA:17,0,0,1
BRDA:17,0,1,0
BRDA:22,1,0,0
BRDA:22,1,1,1
BRDA:26,2,0,1
BRDA:26,2,1,0
BRF:6
BRH:3
end_of_record
TN:
SF:controllers/user_seller.controller.js
FN:11,(anonymous_0)
FN:17,(anonymous_1)
FN:21,(anonymous_2)
FN:57,(anonymous_3)
FN:75,(anonymous_4)
FN:90,(anonymous_5)
FN:101,(anonymous_6)
FN:114,(anonymous_7)
FNF:8
FNH:7
FNDA:1,(anonymous_0)
FNDA:1,(anonymous_1)
FNDA:1,(anonymous_2)
FNDA:2,(anonymous_3)
FNDA:2,(anonymous_4)
FNDA:1,(anonymous_5)
FNDA:3,(anonymous_6)
FNDA:0,(anonymous_7)
DA:2,5
DA:3,5
DA:4,5
DA:5,5
DA:6,5
DA:7,5
DA:11,5
DA:13,1
DA:15,1
DA:17,1
DA:19,1
DA:21,1
DA:23,1
DA:25,1
DA:26,0
DA:27,0
DA:29,1
DA:30,1
DA:33,0
DA:36,0
DA:38,0
DA:51,0
DA:57,5
DA:59,2
DA:60,2
DA:61,2
DA:62,2
DA:75,5
DA:77,2
DA:79,2
DA:81,2
DA:90,5
DA:91,1
DA:92,1
DA:101,5
DA:102,3
DA:103,3
DA:104,3
DA:114,5
DA:115,0
DA:116,0
DA:117,0
LF:42
LH:33
BRDA:19,0,0,1
BRDA:19,0,1,0
BRDA:25,1,0,0
BRDA:25,1,1,1
BRDA:29,2,0,1
BRDA:29,2,1,0
BRF:6
BRH:3
end_of_record
TN:
SF:getdate/datenow.js
FN:2,(anonymous_0)
FNF:1
FNH:1
FNDA:2,(anonymous_0)
DA:2,5
DA:3,2
DA:4,2
DA:5,2
DA:6,2
DA:7,2
DA:9,2
DA:11,5
LF:8
LH:8
BRF:0
BRH:0
end_of_record
TN:
SF:middleware/check-auth.js
FN:4,(anonymous_0)
FNF:1
FNH:0
FNDA:0,(anonymous_0)
DA:2,5
DA:4,5
DA:5,0
DA:7,0
DA:8,0
DA:9,0
DA:12,0
LF:7
LH:2
BRF:0
BRH:0
end_of_record
TN:
SF:models/branch.model.js
FNF:0
FNH:0
DA:2,5
DA:8,5
LF:2
LH:2
BRF:0
BRH:0
end_of_record
TN:
SF:models/login.model.js
FNF:0
FNH:0
DA:2,5
DA:6,5
LF:2
LH:2
BRF:0
BRH:0
end_of_record
TN:
SF:models/unit.model.js
FNF:0
FNH:0
DA:2,5
DA:12,5
LF:2
LH:2
BRF:0
BRH:0
end_of_record
TN:
SF:models/user_seller.model.js
FNF:0
FNH:0
DA:1,5
DA:17,5
LF:2
LH:2
BRF:0
BRH:0
end_of_record
TN:
SF:routes/branch.route.js
FNF:0
FNH:0
DA:2,5
DA:3,5
DA:4,5
DA:5,5
DA:67,5
DA:96,5
DA:126,5
DA:149,5
DA:152,5
LF:9
LH:9
BRF:0
BRH:0
end_of_record
TN:
SF:routes/login.route.js
FNF:0
FNH:0
DA:1,5
DA:2,5
DA:3,5
DA:4,5
DA:63,5
DA:66,5
LF:6
LH:6
BRF:0
BRH:0
end_of_record
TN:
SF:routes/quota.route.js
FNF:0
FNH:0
DA:2,5
DA:3,5
DA:4,5
DA:5,5
DA:6,5
DA:75,5
DA:98,5
DA:101,5
LF:8
LH:8
BRF:0
BRH:0
end_of_record
TN:
SF:routes/unit.route.js
FNF:0
FNH:0
DA:2,5
DA:3,5
DA:4,5
DA:5,5
DA:87,5
DA:116,5
DA:146,5
DA:169,5
DA:197,5
DA:199,5
LF:10
LH:10
BRF:0
BRH:0
end_of_record
TN:
SF:routes/user_seller.js
FNF:0
FNH:0
DA:2,5
DA:3,5
DA:4,5
DA:5,5
DA:97,5
DA:124,5
DA:154,5
DA:185,5
DA:215,5
DA:239,5
DA:241,5
LF:11
LH:11
BRF:0
BRH:0
end_of_record
